<?xml version="1.0" encoding="UTF-8" ?>
<testsuite tests="12" failures="0" name="org.openjfx.streamdemo.AppTest" time="0.068" errors="0" skipped="0">
  <properties>
[...]
</properties>
  <testcase classname="org.openjfx.streamdemo.AppTest" name="org.openjfx.streamdemo.AppTest.testFindCheapestSpicy0" time="0.029"/>
  <testcase classname="org.openjfx.streamdemo.AppTest" name="org.openjfx.streamdemo.AppTest.testFormatedMenu1" time="0.026"/>
  <testcase classname="org.openjfx.streamdemo.AppTest" name="org.openjfx.streamdemo.AppTest.testFormatedMenu2" time="0.001"/>
  <testcase classname="org.openjfx.streamdemo.AppTest" name="org.openjfx.streamdemo.AppTest.testILikeMeat0" time="0.005"/>
  <testcase classname="org.openjfx.streamdemo.AppTest" name="org.openjfx.streamdemo.AppTest.testGroupByPrice" time="0.002"/>
  <testcase classname="org.openjfx.streamdemo.AppTest" name="org.openjfx.streamdemo.AppTest.testILikeMeat1" time="0.002"/>
  <testcase classname="org.openjfx.streamdemo.AppTest" name="org.openjfx.streamdemo.AppTest.testGroupByPrice1" time="0"/>
  <testcase classname="org.openjfx.streamdemo.AppTest" name="org.openjfx.streamdemo.AppTest.testFormatedMenu" time="0"/>
  <testcase classname="org.openjfx.streamdemo.AppTest" name="org.openjfx.streamdemo.AppTest.testFindMostExpensiveVegetarian2" time="0.002"/>
  <testcase classname="org.openjfx.streamdemo.AppTest" name="org.openjfx.streamdemo.AppTest.testFindMostExpensiveVegetarian0" time="0"/>
  <testcase classname="org.openjfx.streamdemo.AppTest" name="org.openjfx.streamdemo.AppTest.testFindMostExpensiveVegetarian1" time="0"/>
  <testcase classname="org.openjfx.streamdemo.AppTest" name="org.openjfx.streamdemo.AppTest.testFindCheapestSpicy1" time="0.001"/>
</testsuite>